
> solara-plural@0.1.0 dev
> next dev

  ▲ Next.js 14.2.35
  - Local:        http://localhost:3000
  - Environments: .env.local

 ✓ Starting...
 ✓ Ready in 3s
 ○ Compiling /middleware ...
 ✓ Compiled /middleware in 989ms (199 modules)
 ○ Compiling /login ...
 ✓ Compiled /login in 4.2s (557 modules)
 GET /login 200 in 781ms
 ✓ Compiled in 533ms (269 modules)
 GET /login 200 in 92ms
 GET /login 200 in 56ms
 ✓ Compiled in 795ms (269 modules)
 ✓ Compiled in 575ms (269 modules)
 ✓ Compiled in 588ms (269 modules)
 ✓ Compiled in 265ms (269 modules)
 ✓ Compiled in 428ms (269 modules)
 ✓ Compiled in 432ms (269 modules)
[?25h
