
> solara-plural@0.1.0 dev
> next dev

  ▲ Next.js 14.2.35
  - Local:        http://localhost:3000
  - Environments: .env.local

 ✓ Starting...
 ✓ Ready in 3.3s
 ○ Compiling /middleware ...
 ✓ Compiled /middleware in 1024ms (199 modules)
 ○ Compiling /login ...
 ✓ Compiled /login in 4.2s (557 modules)
 GET /login 200 in 815ms
 ✓ Compiled in 550ms (269 modules)
 GET /login 200 in 69ms
 ○ Compiling /members ...
 ✓ Compiled /members in 1941ms (832 modules)
 GET /members 200 in 3298ms
 ✓ Compiled /api/front in 296ms (577 modules)
 ✓ Compiled (580 modules)
 GET /api/members 200 in 874ms
 GET /api/front 200 in 879ms
 ✓ Compiled /notes in 347ms (860 modules)
 GET /notes?_rsc=11cao 200 in 233ms
 ✓ Compiled /api/notes in 191ms (587 modules)
 GET /api/notes 200 in 424ms
 ✓ Compiled / in 255ms (868 modules)
 GET /?_rsc=o2f9f 200 in 613ms
 ○ Compiling /friends ...
 ✓ Compiled /friends in 523ms (875 modules)
 ✓ Compiled /api/friends in 212ms (600 modules)
 GET /api/friends 200 in 1312ms
 GET /api/friends 200 in 359ms
