
> solara-plural@0.1.0 dev
> next dev

  ▲ Next.js 14.2.35
  - Local:        http://localhost:3000
  - Environments: .env.local

 ✓ Starting...
 ✓ Ready in 2.7s
 ○ Compiling /middleware ...
 ✓ Compiled /middleware in 1044ms (199 modules)
 ○ Compiling / ...
 ✓ Compiled / in 5.5s (847 modules)
 ✓ Compiled in 933ms (281 modules)
 ✓ Compiled in 88ms (267 modules)
 GET / 200 in 7509ms
 ✓ Compiled /friends in 425ms (831 modules)
 ✓ Compiled /api/friends in 285ms (581 modules)
 GET /api/friends 200 in 1648ms
 GET /api/friends 200 in 362ms
 GET /api/friends 200 in 1059ms
 GET /api/friends 200 in 363ms
 ✓ Compiled /settings in 458ms (857 modules)
 GET /settings?_rsc=1hef4 200 in 756ms
 ✓ Compiled /notes in 376ms (866 modules)
 GET /api/friends 200 in 1115ms
 GET /notes?_rsc=11cao 200 in 249ms
 ✓ Compiled /api/notes in 233ms (594 modules)
 GET /api/friends 200 in 728ms
 GET /api/notes 200 in 491ms
 ✓ Compiled /front/history in 409ms (878 modules)
 GET /front/history?_rsc=uiat6 200 in 401ms
 ✓ Compiled /front in 410ms (885 modules)
 GET /front?_rsc=2ln5s 200 in 240ms
 ✓ Compiled /members in 355ms (892 modules)
 GET /members?_rsc=1k1rt 200 in 231ms
 ✓ Compiled /api/front in 274ms (613 modules)
 ✓ Compiled (615 modules)
 GET /api/front 200 in 977ms
 GET /api/members 200 in 994ms
 GET /?_rsc=o2f9f 200 in 575ms
 GET /settings?_rsc=1szmf 200 in 709ms
 ○ Compiling /notes/new ...
 ✓ Compiled /notes/new in 513ms (903 modules)
 GET /api/friends 200 in 1292ms
 GET /api/friends 200 in 377ms
 ✓ Compiled /api/friends in 1600ms (877 modules)
 ✓ Compiled in 0ms (598 modules)
 GET /friends?_rsc=3vr0v 200 in 647ms
 GET /api/friends 200 in 2158ms
 GET /api/friends 200 in 355ms
 ✓ Compiled in 1083ms (896 modules)
 GET /friends?_rsc=3vr0v 200 in 156ms
 ✓ Compiled in 857ms (896 modules)
 GET /friends?_rsc=3vr0v 200 in 93ms
 ✓ Compiled in 1167ms (877 modules)
 GET /friends?_rsc=3vr0v 200 in 163ms
 ✓ Compiled in 815ms (877 modules)
 GET /friends?_rsc=3vr0v 200 in 115ms
 ✓ Compiled in 602ms (877 modules)
 GET /friends?_rsc=3vr0v 200 in 66ms
 ✓ Compiled in 523ms (877 modules)
 GET /friends?_rsc=3vr0v 200 in 70ms
 ✓ Compiled in 763ms (877 modules)
 GET /friends?_rsc=3vr0v 200 in 97ms
 ✓ Compiled in 989ms (877 modules)
 GET /friends?_rsc=3vr0v 200 in 91ms
 ✓ Compiled in 721ms (877 modules)
 GET /friends?_rsc=3vr0v 200 in 88ms
 ✓ Compiled in 657ms (877 modules)
 GET /friends?_rsc=3vr0v 200 in 84ms
 ✓ Compiled in 606ms (877 modules)
 GET /friends?_rsc=3vr0v 200 in 84ms
 ✓ Compiled in 951ms (877 modules)
 GET /friends?_rsc=3vr0v 200 in 117ms
 ✓ Compiled in 698ms (877 modules)
 GET /friends?_rsc=3vr0v 200 in 74ms
 ✓ Compiled in 607ms (877 modules)
 GET /friends?_rsc=3vr0v 200 in 63ms
 ✓ Compiled in 718ms (877 modules)
 GET /friends?_rsc=3vr0v 200 in 88ms
 ✓ Compiled in 492ms (877 modules)
 GET /friends?_rsc=3vr0v 200 in 85ms
 ✓ Compiled in 751ms (877 modules)
 ○ Compiling /api/friends ...
 ✓ Compiled /api/friends in 574ms (598 modules)
 GET /friends?_rsc=3vr0v 200 in 866ms
 GET /api/friends 200 in 2538ms
 GET /api/friends 200 in 368ms
 ✓ Compiled in 650ms (896 modules)
 ✓ Compiled in 1ms (598 modules)
 ✓ Compiled in 0ms (598 modules)
 ✓ Compiled in 0ms (598 modules)
 GET /friends?_rsc=3vr0v 200 in 838ms
 GET /api/friends 200 in 1906ms
 ✓ Compiled in 2.7s (877 modules)
 GET /friends?_rsc=3vr0v 200 in 229ms
 ○ Compiling /members ...
 ✓ Compiled /members in 512ms (584 modules)
 GET /members?_rsc=1no5n 200 in 980ms
 ○ Compiling /_error ...
 ✓ Compiled /_error in 1828ms (1094 modules)
 GET /members 500 in 2453ms
 ○ Compiling /login ...
 ✓ Compiled /login in 1214ms (1098 modules)
 GET /login 200 in 1457ms
 GET /members 200 in 1045ms
 ○ Compiling /_not-found ...
 ✓ Compiled /_not-found in 801ms (1101 modules)
 GET /_next/static/css/app/layout.css?v=1777322933312 404 in 993ms
 GET /_next/static/chunks/main-app.js?v=1777322933312 404 in 571ms
 GET /_next/static/chunks/app-pages-internals.js 404 in 525ms
 GET /_next/static/chunks/app/(dashboard)/layout.js 404 in 83ms
 GET /_next/static/chunks/app/(dashboard)/members/page.js 404 in 60ms
 ✓ Compiled in 1205ms (1115 modules)
[?25h
