[    1398ms] [ERROR] Failed to load resource: the server responded with a status of 500 (Internal Server Error) @ http://localhost:3000/settings:0
[    1774ms] [INFO] %cDownload the React DevTools for a better development experience: https://reactjs.org/link/react-devtools font-weight:bold @ webpack-internal:///(app-pages-browser)/./node_modules/next/dist/compiled/react-dom/cjs/react-dom.development.js:38559
[    1927ms] Error: Failed query: select count(*), max("last_synced_at") from "member_external_links" where ("member_external_links"."system_id" = ? and "member_external_links"."provider" = ?)
params: yy9vjbzxkr2lx6lf8obse05n,pluralkit
    at LibSQLPreparedQuery.queryWithCache (webpack-internal:///(rsc)/./node_modules/drizzle-orm/sqlite-core/session.js:55:15)
    at process.processTicksAndRejections (node:internal/process/task_queues:105:5)
    at async LibSQLPreparedQuery.values (webpack-internal:///(rsc)/./node_modules/drizzle-orm/libsql/session.js:205:12)
    at async LibSQLPreparedQuery.all (webpack-internal:///(rsc)/./node_modules/drizzle-orm/libsql/session.js:148:18)
    at async SettingsPage (webpack-internal:///(rsc)/./app/(dashboard)/settings/page.tsx:43:34)
[    1933ms] Error: Failed query: select count(*), max("last_synced_at") from "member_external_links" where ("member_external_links"."system_id" = ? and "member_external_links"."provider" = ?)
params: yy9vjbzxkr2lx6lf8obse05n,pluralkit
    at LibSQLPreparedQuery.queryWithCache (webpack-internal:///(rsc)/./node_modules/drizzle-orm/sqlite-core/session.js:55:15)
    at process.processTicksAndRejections (node:internal/process/task_queues:105:5)
    at async LibSQLPreparedQuery.values (webpack-internal:///(rsc)/./node_modules/drizzle-orm/libsql/session.js:205:12)
    at async LibSQLPreparedQuery.all (webpack-internal:///(rsc)/./node_modules/drizzle-orm/libsql/session.js:148:18)
    at async SettingsPage (webpack-internal:///(rsc)/./app/(dashboard)/settings/page.tsx:43:34)
[    1934ms] Error: Failed query: select count(*), max("last_synced_at") from "member_external_links" where ("member_external_links"."system_id" = ? and "member_external_links"."provider" = ?)
params: yy9vjbzxkr2lx6lf8obse05n,pluralkit
    at LibSQLPreparedQuery.queryWithCache (webpack-internal:///(rsc)/./node_modules/drizzle-orm/sqlite-core/session.js:55:15)
    at process.processTicksAndRejections (node:internal/process/task_queues:105:5)
    at async LibSQLPreparedQuery.values (webpack-internal:///(rsc)/./node_modules/drizzle-orm/libsql/session.js:205:12)
    at async LibSQLPreparedQuery.all (webpack-internal:///(rsc)/./node_modules/drizzle-orm/libsql/session.js:148:18)
    at async SettingsPage (webpack-internal:///(rsc)/./app/(dashboard)/settings/page.tsx:43:34)
[    1935ms] Error: Failed query: select count(*), max("last_synced_at") from "member_external_links" where ("member_external_links"."system_id" = ? and "member_external_links"."provider" = ?)
params: yy9vjbzxkr2lx6lf8obse05n,pluralkit
    at LibSQLPreparedQuery.queryWithCache (webpack-internal:///(rsc)/./node_modules/drizzle-orm/sqlite-core/session.js:55:15)
    at process.processTicksAndRejections (node:internal/process/task_queues:105:5)
    at async LibSQLPreparedQuery.values (webpack-internal:///(rsc)/./node_modules/drizzle-orm/libsql/session.js:205:12)
    at async LibSQLPreparedQuery.all (webpack-internal:///(rsc)/./node_modules/drizzle-orm/libsql/session.js:148:18)
    at async SettingsPage (webpack-internal:///(rsc)/./app/(dashboard)/settings/page.tsx:43:34)
[    1935ms] Error: Failed query: select count(*), max("last_synced_at") from "member_external_links" where ("member_external_links"."system_id" = ? and "member_external_links"."provider" = ?)
params: yy9vjbzxkr2lx6lf8obse05n,pluralkit
    at LibSQLPreparedQuery.queryWithCache (webpack-internal:///(rsc)/./node_modules/drizzle-orm/sqlite-core/session.js:55:15)
    at process.processTicksAndRejections (node:internal/process/task_queues:105:5)
    at async LibSQLPreparedQuery.values (webpack-internal:///(rsc)/./node_modules/drizzle-orm/libsql/session.js:205:12)
    at async LibSQLPreparedQuery.all (webpack-internal:///(rsc)/./node_modules/drizzle-orm/libsql/session.js:148:18)
    at async SettingsPage (webpack-internal:///(rsc)/./app/(dashboard)/settings/page.tsx:43:34)
[    1935ms] Error: Failed query: select count(*), max("last_synced_at") from "member_external_links" where ("member_external_links"."system_id" = ? and "member_external_links"."provider" = ?)
params: yy9vjbzxkr2lx6lf8obse05n,pluralkit
    at LibSQLPreparedQuery.queryWithCache (webpack-internal:///(rsc)/./node_modules/drizzle-orm/sqlite-core/session.js:55:15)
    at process.processTicksAndRejections (node:internal/process/task_queues:105:5)
    at async LibSQLPreparedQuery.values (webpack-internal:///(rsc)/./node_modules/drizzle-orm/libsql/session.js:205:12)
    at async LibSQLPreparedQuery.all (webpack-internal:///(rsc)/./node_modules/drizzle-orm/libsql/session.js:148:18)
    at async SettingsPage (webpack-internal:///(rsc)/./app/(dashboard)/settings/page.tsx:43:34)
[    1935ms] Error: Failed query: select count(*), max("last_synced_at") from "member_external_links" where ("member_external_links"."system_id" = ? and "member_external_links"."provider" = ?)
params: yy9vjbzxkr2lx6lf8obse05n,pluralkit
    at LibSQLPreparedQuery.queryWithCache (webpack-internal:///(rsc)/./node_modules/drizzle-orm/sqlite-core/session.js:55:15)
    at process.processTicksAndRejections (node:internal/process/task_queues:105:5)
    at async LibSQLPreparedQuery.values (webpack-internal:///(rsc)/./node_modules/drizzle-orm/libsql/session.js:205:12)
    at async LibSQLPreparedQuery.all (webpack-internal:///(rsc)/./node_modules/drizzle-orm/libsql/session.js:148:18)
    at async SettingsPage (webpack-internal:///(rsc)/./app/(dashboard)/settings/page.tsx:43:34)
[    1935ms] Error: Failed query: select count(*), max("last_synced_at") from "member_external_links" where ("member_external_links"."system_id" = ? and "member_external_links"."provider" = ?)
params: yy9vjbzxkr2lx6lf8obse05n,pluralkit
    at LibSQLPreparedQuery.queryWithCache (webpack-internal:///(rsc)/./node_modules/drizzle-orm/sqlite-core/session.js:55:15)
    at process.processTicksAndRejections (node:internal/process/task_queues:105:5)
    at async LibSQLPreparedQuery.values (webpack-internal:///(rsc)/./node_modules/drizzle-orm/libsql/session.js:205:12)
    at async LibSQLPreparedQuery.all (webpack-internal:///(rsc)/./node_modules/drizzle-orm/libsql/session.js:148:18)
    at async SettingsPage (webpack-internal:///(rsc)/./app/(dashboard)/settings/page.tsx:43:34)
[    1945ms] Error: Failed query: select count(*), max("last_synced_at") from "member_external_links" where ("member_external_links"."system_id" = ? and "member_external_links"."provider" = ?)
params: yy9vjbzxkr2lx6lf8obse05n,pluralkit
    at LibSQLPreparedQuery.queryWithCache (webpack-internal:///(rsc)/./node_modules/drizzle-orm/sqlite-core/session.js:55:15)
    at process.processTicksAndRejections (node:internal/process/task_queues:105:5)
    at async LibSQLPreparedQuery.values (webpack-internal:///(rsc)/./node_modules/drizzle-orm/libsql/session.js:205:12)
    at async LibSQLPreparedQuery.all (webpack-internal:///(rsc)/./node_modules/drizzle-orm/libsql/session.js:148:18)
    at async SettingsPage (webpack-internal:///(rsc)/./app/(dashboard)/settings/page.tsx:43:34)
[    1946ms] Error: Failed query: select count(*), max("last_synced_at") from "member_external_links" where ("member_external_links"."system_id" = ? and "member_external_links"."provider" = ?)
params: yy9vjbzxkr2lx6lf8obse05n,pluralkit
    at LibSQLPreparedQuery.queryWithCache (webpack-internal:///(rsc)/./node_modules/drizzle-orm/sqlite-core/session.js:55:15)
    at process.processTicksAndRejections (node:internal/process/task_queues:105:5)
    at async LibSQLPreparedQuery.values (webpack-internal:///(rsc)/./node_modules/drizzle-orm/libsql/session.js:205:12)
    at async LibSQLPreparedQuery.all (webpack-internal:///(rsc)/./node_modules/drizzle-orm/libsql/session.js:148:18)
    at async SettingsPage (webpack-internal:///(rsc)/./app/(dashboard)/settings/page.tsx:43:34)
[    1947ms] Error: Failed query: select count(*), max("last_synced_at") from "member_external_links" where ("member_external_links"."system_id" = ? and "member_external_links"."provider" = ?)
params: yy9vjbzxkr2lx6lf8obse05n,pluralkit
    at LibSQLPreparedQuery.queryWithCache (webpack-internal:///(rsc)/./node_modules/drizzle-orm/sqlite-core/session.js:55:15)
    at process.processTicksAndRejections (node:internal/process/task_queues:105:5)
    at async LibSQLPreparedQuery.values (webpack-internal:///(rsc)/./node_modules/drizzle-orm/libsql/session.js:205:12)
    at async LibSQLPreparedQuery.all (webpack-internal:///(rsc)/./node_modules/drizzle-orm/libsql/session.js:148:18)
    at async SettingsPage (webpack-internal:///(rsc)/./app/(dashboard)/settings/page.tsx:43:34)
[    1947ms] Error: Failed query: select count(*), max("last_synced_at") from "member_external_links" where ("member_external_links"."system_id" = ? and "member_external_links"."provider" = ?)
params: yy9vjbzxkr2lx6lf8obse05n,pluralkit
    at LibSQLPreparedQuery.queryWithCache (webpack-internal:///(rsc)/./node_modules/drizzle-orm/sqlite-core/session.js:55:15)
    at process.processTicksAndRejections (node:internal/process/task_queues:105:5)
    at async LibSQLPreparedQuery.values (webpack-internal:///(rsc)/./node_modules/drizzle-orm/libsql/session.js:205:12)
    at async LibSQLPreparedQuery.all (webpack-internal:///(rsc)/./node_modules/drizzle-orm/libsql/session.js:148:18)
    at async SettingsPage (webpack-internal:///(rsc)/./app/(dashboard)/settings/page.tsx:43:34)
[    1947ms] Error: Failed query: select count(*), max("last_synced_at") from "member_external_links" where ("member_external_links"."system_id" = ? and "member_external_links"."provider" = ?)
params: yy9vjbzxkr2lx6lf8obse05n,pluralkit
    at LibSQLPreparedQuery.queryWithCache (webpack-internal:///(rsc)/./node_modules/drizzle-orm/sqlite-core/session.js:55:15)
    at process.processTicksAndRejections (node:internal/process/task_queues:105:5)
    at async LibSQLPreparedQuery.values (webpack-internal:///(rsc)/./node_modules/drizzle-orm/libsql/session.js:205:12)
    at async LibSQLPreparedQuery.all (webpack-internal:///(rsc)/./node_modules/drizzle-orm/libsql/session.js:148:18)
    at async SettingsPage (webpack-internal:///(rsc)/./app/(dashboard)/settings/page.tsx:43:34)
[    1947ms] Error: Failed query: select count(*), max("last_synced_at") from "member_external_links" where ("member_external_links"."system_id" = ? and "member_external_links"."provider" = ?)
params: yy9vjbzxkr2lx6lf8obse05n,pluralkit
    at LibSQLPreparedQuery.queryWithCache (webpack-internal:///(rsc)/./node_modules/drizzle-orm/sqlite-core/session.js:55:15)
    at process.processTicksAndRejections (node:internal/process/task_queues:105:5)
    at async LibSQLPreparedQuery.values (webpack-internal:///(rsc)/./node_modules/drizzle-orm/libsql/session.js:205:12)
    at async LibSQLPreparedQuery.all (webpack-internal:///(rsc)/./node_modules/drizzle-orm/libsql/session.js:148:18)
    at async SettingsPage (webpack-internal:///(rsc)/./app/(dashboard)/settings/page.tsx:43:34)
[    1947ms] Error: Failed query: select count(*), max("last_synced_at") from "member_external_links" where ("member_external_links"."system_id" = ? and "member_external_links"."provider" = ?)
params: yy9vjbzxkr2lx6lf8obse05n,pluralkit
    at LibSQLPreparedQuery.queryWithCache (webpack-internal:///(rsc)/./node_modules/drizzle-orm/sqlite-core/session.js:55:15)
    at process.processTicksAndRejections (node:internal/process/task_queues:105:5)
    at async LibSQLPreparedQuery.values (webpack-internal:///(rsc)/./node_modules/drizzle-orm/libsql/session.js:205:12)
    at async LibSQLPreparedQuery.all (webpack-internal:///(rsc)/./node_modules/drizzle-orm/libsql/session.js:148:18)
    at async SettingsPage (webpack-internal:///(rsc)/./app/(dashboard)/settings/page.tsx:43:34)
[    1947ms] Error: Failed query: select count(*), max("last_synced_at") from "member_external_links" where ("member_external_links"."system_id" = ? and "member_external_links"."provider" = ?)
params: yy9vjbzxkr2lx6lf8obse05n,pluralkit
    at LibSQLPreparedQuery.queryWithCache (webpack-internal:///(rsc)/./node_modules/drizzle-orm/sqlite-core/session.js:55:15)
    at process.processTicksAndRejections (node:internal/process/task_queues:105:5)
    at async LibSQLPreparedQuery.values (webpack-internal:///(rsc)/./node_modules/drizzle-orm/libsql/session.js:205:12)
    at async LibSQLPreparedQuery.all (webpack-internal:///(rsc)/./node_modules/drizzle-orm/libsql/session.js:148:18)
    at async SettingsPage (webpack-internal:///(rsc)/./app/(dashboard)/settings/page.tsx:43:34)
[    1953ms] [ERROR] The above error occurred in the <NotFoundErrorBoundary> component:

    at InnerLayoutRouter (webpack-internal:///(app-pages-browser)/./node_modules/next/dist/client/components/layout-router.js:243:11)
    at RedirectErrorBoundary (webpack-internal:///(app-pages-browser)/./node_modules/next/dist/client/components/redirect-boundary.js:74:9)
    at RedirectBoundary (webpack-internal:///(app-pages-browser)/./node_modules/next/dist/client/components/redirect-boundary.js:82:11)
    at NotFoundBoundary (webpack-internal:///(app-pages-browser)/./node_modules/next/dist/client/components/not-found-boundary.js:84:11)
    at LoadingBoundary (webpack-internal:///(app-pages-browser)/./node_modules/next/dist/client/components/layout-router.js:349:11)
    at ErrorBoundary (webpack-internal:///(app-pages-browser)/./node_modules/next/dist/client/components/error-boundary.js:160:11)
    at InnerScrollAndFocusHandler (webpack-internal:///(app-pages-browser)/./node_modules/next/dist/client/components/layout-router.js:153:9)
    at ScrollAndFocusHandler (webpack-internal:///(app-pages-browser)/./node_modules/next/dist/client/components/layout-router.js:228:11)
    at RenderFromTemplateContext (webpack-internal:///(app-pages-browser)/./node_modules/next/dist/client/components/render-from-template-context.js:16:44)
    at OuterLayoutRouter (webpack-internal:///(app-pages-browser)/./node_modules/next/dist/client/components/layout-router.js:370:11)
    at InnerLayoutRouter (webpack-internal:///(app-pages-browser)/./node_modules/next/dist/client/components/layout-router.js:243:11)
    at RedirectErrorBoundary (webpack-internal:///(app-pages-browser)/./node_modules/next/dist/client/components/redirect-boundary.js:74:9)
    at RedirectBoundary (webpack-internal:///(app-pages-browser)/./node_modules/next/dist/client/components/redirect-boundary.js:82:11)
    at NotFoundErrorBoundary (webpack-internal:///(app-pages-browser)/./node_modules/next/dist/client/components/not-found-boundary.js:76:9)
    at NotFoundBoundary (webpack-internal:///(app-pages-browser)/./node_modules/next/dist/client/components/not-found-boundary.js:84:11)
    at LoadingBoundary (webpack-internal:///(app-pages-browser)/./node_modules/next/dist/client/components/layout-router.js:349:11)
    at ErrorBoundary (webpack-internal:///(app-pages-browser)/./node_modules/next/dist/client/components/error-boundary.js:160:11)
    at InnerScrollAndFocusHandler (webpack-internal:///(app-pages-browser)/./node_modules/next/dist/client/components/layout-router.js:153:9)
    at ScrollAndFocusHandler (webpack-internal:///(app-pages-browser)/./node_modules/next/dist/client/components/layout-router.js:228:11)
    at RenderFromTemplateContext (webpack-internal:///(app-pages-browser)/./node_modules/next/dist/client/components/render-from-template-context.js:16:44)
    at OuterLayoutRouter (webpack-internal:///(app-pages-browser)/./node_modules/next/dist/client/components/layout-router.js:370:11)
    at div
    at SWRConfig (webpack-internal:///(app-pages-browser)/./node_modules/swr/dist/_internal/config-context-12s-CCVTDPOP.mjs:556:13)
    at DashboardClientProviders (webpack-internal:///(app-pages-browser)/./app/(dashboard)/DashboardClientProviders.tsx:16:11)
    at main
    at div
    at DashboardLayout (Server)
    at InnerLayoutRouter (webpack-internal:///(app-pages-browser)/./node_modules/next/dist/client/components/layout-router.js:243:11)
    at RedirectErrorBoundary (webpack-internal:///(app-pages-browser)/./node_modules/next/dist/client/components/redirect-boundary.js:74:9)
    at RedirectBoundary (webpack-internal:///(app-pages-browser)/./node_modules/next/dist/client/components/redirect-boundary.js:82:11)
    at NotFoundErrorBoundary (webpack-internal:///(app-pages-browser)/./node_modules/next/dist/client/components/not-found-boundary.js:76:9)
    at NotFoundBoundary (webpack-internal:///(app-pages-browser)/./node_modules/next/dist/client/components/not-found-boundary.js:84:11)
    at LoadingBoundary (webpack-internal:///(app-pages-browser)/./node_modules/next/dist/client/components/layout-router.js:349:11)
    at ErrorBoundary (webpack-internal:///(app-pages-browser)/./node_modules/next/dist/client/components/error-boundary.js:160:11)
    at InnerScrollAndFocusHandler (webpack-internal:///(app-pages-browser)/./node_modules/next/dist/client/components/layout-router.js:153:9)
    at ScrollAndFocusHandler (webpack-internal:///(app-pages-browser)/./node_modules/next/dist/client/components/layout-router.js:228:11)
    at RenderFromTemplateContext (webpack-internal:///(app-pages-browser)/./node_modules/next/dist/client/components/render-from-template-context.js:16:44)
    at OuterLayoutRouter (webpack-internal:///(app-pages-browser)/./node_modules/next/dist/client/components/layout-router.js:370:11)
    at LanguageProvider (webpack-internal:///(app-pages-browser)/./components/providers/LanguageProvider.tsx:45:11)
    at body
    at html
    at RootLayout (Server)
    at RedirectErrorBoundary (webpack-internal:///(app-pages-browser)/./node_modules/next/dist/client/components/redirect-boundary.js:74:9)
    at RedirectBoundary (webpack-internal:///(app-pages-browser)/./node_modules/next/dist/client/components/redirect-boundary.js:82:11)
    at NotFoundErrorBoundary (webpack-internal:///(app-pages-browser)/./node_modules/next/dist/client/components/not-found-boundary.js:76:9)
    at NotFoundBoundary (webpack-internal:///(app-pages-browser)/./node_modules/next/dist/client/components/not-found-boundary.js:84:11)
    at DevRootNotFoundBoundary (webpack-internal:///(app-pages-browser)/./node_modules/next/dist/client/components/dev-root-not-found-boundary.js:33:11)
    at ReactDevOverlay (webpack-internal:///(app-pages-browser)/./node_modules/next/dist/client/components/react-dev-overlay/app/ReactDevOverlay.js:87:9)
    at HotReload (webpack-internal:///(app-pages-browser)/./node_modules/next/dist/client/components/react-dev-overlay/app/hot-reloader-client.js:321:11)
    at Router (webpack-internal:///(app-pages-browser)/./node_modules/next/dist/client/components/app-router.js:207:11)
    at ErrorBoundaryHandler (webpack-internal:///(app-pages-browser)/./node_modules/next/dist/client/components/error-boundary.js:113:9)
    at ErrorBoundary (webpack-internal:///(app-pages-browser)/./node_modules/next/dist/client/components/error-boundary.js:160:11)
    at AppRouter (webpack-internal:///(app-pages-browser)/./node_modules/next/dist/client/components/app-router.js:585:13)
    at ServerRoot (webpack-internal:///(app-pages-browser)/./node_modules/next/dist/client/app-index.js:112:27)
    at Root (webpack-internal:///(app-pages-browser)/./node_modules/next/dist/client/app-index.js:117:11)
    at ReactDevOverlay (webpack-internal:///(app-pages-browser)/./node_modules/next/dist/client/components/react-dev-overlay/app/ReactDevOverlay.js:87:9)

React will try to recreate this component tree from scratch using the error boundary you provided, ReactDevOverlay. @ webpack-internal:///(app-pages-browser)/./node_modules/next/dist/client/app-index.js:32
[    5079ms] [WARNING] The resource http://localhost:3000/_next/static/css/app/layout.css?v=1777693143424 was preloaded using link preload but not used within a few seconds from the window's load event. Please make sure it has an appropriate `as` value and it is preloaded intentionally. @ http://localhost:3000/settings:0
[   12101ms] [LOG] [Fast Refresh] rebuilding @ webpack-internal:///(app-pages-browser)/./node_modules/next/dist/client/components/react-dev-overlay/app/hot-reloader-client.js:186
[   13360ms] [WARNING] [Fast Refresh] performing full reload because your application had an unrecoverable error @ webpack-internal:///(app-pages-browser)/./node_modules/next/dist/client/components/react-dev-overlay/app/hot-reloader-client.js:114
[   14637ms] [ERROR] Failed to load resource: the server responded with a status of 500 (Internal Server Error) @ http://localhost:3000/settings:0
[   14971ms] [INFO] %cDownload the React DevTools for a better development experience: https://reactjs.org/link/react-devtools font-weight:bold @ webpack-internal:///(app-pages-browser)/./node_modules/next/dist/compiled/react-dom/cjs/react-dom.development.js:38559
[   15231ms] Error: Failed query: select count(*), max("last_synced_at") from "member_external_links" where ("member_external_links"."system_id" = ? and "member_external_links"."provider" = ?)
params: yy9vjbzxkr2lx6lf8obse05n,pluralkit
    at LibSQLPreparedQuery.queryWithCache (webpack-internal:///(rsc)/./node_modules/drizzle-orm/sqlite-core/session.js:55:15)
    at process.processTicksAndRejections (node:internal/process/task_queues:105:5)
    at async LibSQLPreparedQuery.values (webpack-internal:///(rsc)/./node_modules/drizzle-orm/libsql/session.js:205:12)
    at async LibSQLPreparedQuery.all (webpack-internal:///(rsc)/./node_modules/drizzle-orm/libsql/session.js:148:18)
    at async SettingsPage (webpack-internal:///(rsc)/./app/(dashboard)/settings/page.tsx:43:34)
[   15240ms] Error: Failed query: select count(*), max("last_synced_at") from "member_external_links" where ("member_external_links"."system_id" = ? and "member_external_links"."provider" = ?)
params: yy9vjbzxkr2lx6lf8obse05n,pluralkit
    at LibSQLPreparedQuery.queryWithCache (webpack-internal:///(rsc)/./node_modules/drizzle-orm/sqlite-core/session.js:55:15)
    at process.processTicksAndRejections (node:internal/process/task_queues:105:5)
    at async LibSQLPreparedQuery.values (webpack-internal:///(rsc)/./node_modules/drizzle-orm/libsql/session.js:205:12)
    at async LibSQLPreparedQuery.all (webpack-internal:///(rsc)/./node_modules/drizzle-orm/libsql/session.js:148:18)
    at async SettingsPage (webpack-internal:///(rsc)/./app/(dashboard)/settings/page.tsx:43:34)
[   15241ms] Error: Failed query: select count(*), max("last_synced_at") from "member_external_links" where ("member_external_links"."system_id" = ? and "member_external_links"."provider" = ?)
params: yy9vjbzxkr2lx6lf8obse05n,pluralkit
    at LibSQLPreparedQuery.queryWithCache (webpack-internal:///(rsc)/./node_modules/drizzle-orm/sqlite-core/session.js:55:15)
    at process.processTicksAndRejections (node:internal/process/task_queues:105:5)
    at async LibSQLPreparedQuery.values (webpack-internal:///(rsc)/./node_modules/drizzle-orm/libsql/session.js:205:12)
    at async LibSQLPreparedQuery.all (webpack-internal:///(rsc)/./node_modules/drizzle-orm/libsql/session.js:148:18)
    at async SettingsPage (webpack-internal:///(rsc)/./app/(dashboard)/settings/page.tsx:43:34)
[   15243ms] Error: Failed query: select count(*), max("last_synced_at") from "member_external_links" where ("member_external_links"."system_id" = ? and "member_external_links"."provider" = ?)
params: yy9vjbzxkr2lx6lf8obse05n,pluralkit
    at LibSQLPreparedQuery.queryWithCache (webpack-internal:///(rsc)/./node_modules/drizzle-orm/sqlite-core/session.js:55:15)
    at process.processTicksAndRejections (node:internal/process/task_queues:105:5)
    at async LibSQLPreparedQuery.values (webpack-internal:///(rsc)/./node_modules/drizzle-orm/libsql/session.js:205:12)
    at async LibSQLPreparedQuery.all (webpack-internal:///(rsc)/./node_modules/drizzle-orm/libsql/session.js:148:18)
    at async SettingsPage (webpack-internal:///(rsc)/./app/(dashboard)/settings/page.tsx:43:34)
[   15244ms] Error: Failed query: select count(*), max("last_synced_at") from "member_external_links" where ("member_external_links"."system_id" = ? and "member_external_links"."provider" = ?)
params: yy9vjbzxkr2lx6lf8obse05n,pluralkit
    at LibSQLPreparedQuery.queryWithCache (webpack-internal:///(rsc)/./node_modules/drizzle-orm/sqlite-core/session.js:55:15)
    at process.processTicksAndRejections (node:internal/process/task_queues:105:5)
    at async LibSQLPreparedQuery.values (webpack-internal:///(rsc)/./node_modules/drizzle-orm/libsql/session.js:205:12)
    at async LibSQLPreparedQuery.all (webpack-internal:///(rsc)/./node_modules/drizzle-orm/libsql/session.js:148:18)
    at async SettingsPage (webpack-internal:///(rsc)/./app/(dashboard)/settings/page.tsx:43:34)
[   15245ms] Error: Failed query: select count(*), max("last_synced_at") from "member_external_links" where ("member_external_links"."system_id" = ? and "member_external_links"."provider" = ?)
params: yy9vjbzxkr2lx6lf8obse05n,pluralkit
    at LibSQLPreparedQuery.queryWithCache (webpack-internal:///(rsc)/./node_modules/drizzle-orm/sqlite-core/session.js:55:15)
    at process.processTicksAndRejections (node:internal/process/task_queues:105:5)
    at async LibSQLPreparedQuery.values (webpack-internal:///(rsc)/./node_modules/drizzle-orm/libsql/session.js:205:12)
    at async LibSQLPreparedQuery.all (webpack-internal:///(rsc)/./node_modules/drizzle-orm/libsql/session.js:148:18)
    at async SettingsPage (webpack-internal:///(rsc)/./app/(dashboard)/settings/page.tsx:43:34)
[   15246ms] Error: Failed query: select count(*), max("last_synced_at") from "member_external_links" where ("member_external_links"."system_id" = ? and "member_external_links"."provider" = ?)
params: yy9vjbzxkr2lx6lf8obse05n,pluralkit
    at LibSQLPreparedQuery.queryWithCache (webpack-internal:///(rsc)/./node_modules/drizzle-orm/sqlite-core/session.js:55:15)
    at process.processTicksAndRejections (node:internal/process/task_queues:105:5)
    at async LibSQLPreparedQuery.values (webpack-internal:///(rsc)/./node_modules/drizzle-orm/libsql/session.js:205:12)
    at async LibSQLPreparedQuery.all (webpack-internal:///(rsc)/./node_modules/drizzle-orm/libsql/session.js:148:18)
    at async SettingsPage (webpack-internal:///(rsc)/./app/(dashboard)/settings/page.tsx:43:34)
[   15248ms] Error: Failed query: select count(*), max("last_synced_at") from "member_external_links" where ("member_external_links"."system_id" = ? and "member_external_links"."provider" = ?)
params: yy9vjbzxkr2lx6lf8obse05n,pluralkit
    at LibSQLPreparedQuery.queryWithCache (webpack-internal:///(rsc)/./node_modules/drizzle-orm/sqlite-core/session.js:55:15)
    at process.processTicksAndRejections (node:internal/process/task_queues:105:5)
    at async LibSQLPreparedQuery.values (webpack-internal:///(rsc)/./node_modules/drizzle-orm/libsql/session.js:205:12)
    at async LibSQLPreparedQuery.all (webpack-internal:///(rsc)/./node_modules/drizzle-orm/libsql/session.js:148:18)
    at async SettingsPage (webpack-internal:///(rsc)/./app/(dashboard)/settings/page.tsx:43:34)
[   15262ms] Error: Failed query: select count(*), max("last_synced_at") from "member_external_links" where ("member_external_links"."system_id" = ? and "member_external_links"."provider" = ?)
params: yy9vjbzxkr2lx6lf8obse05n,pluralkit
    at LibSQLPreparedQuery.queryWithCache (webpack-internal:///(rsc)/./node_modules/drizzle-orm/sqlite-core/session.js:55:15)
    at process.processTicksAndRejections (node:internal/process/task_queues:105:5)
    at async LibSQLPreparedQuery.values (webpack-internal:///(rsc)/./node_modules/drizzle-orm/libsql/session.js:205:12)
    at async LibSQLPreparedQuery.all (webpack-internal:///(rsc)/./node_modules/drizzle-orm/libsql/session.js:148:18)
    at async SettingsPage (webpack-internal:///(rsc)/./app/(dashboard)/settings/page.tsx:43:34)
[   15262ms] Error: Failed query: select count(*), max("last_synced_at") from "member_external_links" where ("member_external_links"."system_id" = ? and "member_external_links"."provider" = ?)
params: yy9vjbzxkr2lx6lf8obse05n,pluralkit
    at LibSQLPreparedQuery.queryWithCache (webpack-internal:///(rsc)/./node_modules/drizzle-orm/sqlite-core/session.js:55:15)
    at process.processTicksAndRejections (node:internal/process/task_queues:105:5)
    at async LibSQLPreparedQuery.values (webpack-internal:///(rsc)/./node_modules/drizzle-orm/libsql/session.js:205:12)
    at async LibSQLPreparedQuery.all (webpack-internal:///(rsc)/./node_modules/drizzle-orm/libsql/session.js:148:18)
    at async SettingsPage (webpack-internal:///(rsc)/./app/(dashboard)/settings/page.tsx:43:34)
[   15263ms] Error: Failed query: select count(*), max("last_synced_at") from "member_external_links" where ("member_external_links"."system_id" = ? and "member_external_links"."provider" = ?)
params: yy9vjbzxkr2lx6lf8obse05n,pluralkit
    at LibSQLPreparedQuery.queryWithCache (webpack-internal:///(rsc)/./node_modules/drizzle-orm/sqlite-core/session.js:55:15)
    at process.processTicksAndRejections (node:internal/process/task_queues:105:5)
    at async LibSQLPreparedQuery.values (webpack-internal:///(rsc)/./node_modules/drizzle-orm/libsql/session.js:205:12)
    at async LibSQLPreparedQuery.all (webpack-internal:///(rsc)/./node_modules/drizzle-orm/libsql/session.js:148:18)
    at async SettingsPage (webpack-internal:///(rsc)/./app/(dashboard)/settings/page.tsx:43:34)
[   15265ms] Error: Failed query: select count(*), max("last_synced_at") from "member_external_links" where ("member_external_links"."system_id" = ? and "member_external_links"."provider" = ?)
params: yy9vjbzxkr2lx6lf8obse05n,pluralkit
    at LibSQLPreparedQuery.queryWithCache (webpack-internal:///(rsc)/./node_modules/drizzle-orm/sqlite-core/session.js:55:15)
    at process.processTicksAndRejections (node:internal/process/task_queues:105:5)
    at async LibSQLPreparedQuery.values (webpack-internal:///(rsc)/./node_modules/drizzle-orm/libsql/session.js:205:12)
    at async LibSQLPreparedQuery.all (webpack-internal:///(rsc)/./node_modules/drizzle-orm/libsql/session.js:148:18)
    at async SettingsPage (webpack-internal:///(rsc)/./app/(dashboard)/settings/page.tsx:43:34)
[   15265ms] Error: Failed query: select count(*), max("last_synced_at") from "member_external_links" where ("member_external_links"."system_id" = ? and "member_external_links"."provider" = ?)
params: yy9vjbzxkr2lx6lf8obse05n,pluralkit
    at LibSQLPreparedQuery.queryWithCache (webpack-internal:///(rsc)/./node_modules/drizzle-orm/sqlite-core/session.js:55:15)
    at process.processTicksAndRejections (node:internal/process/task_queues:105:5)
    at async LibSQLPreparedQuery.values (webpack-internal:///(rsc)/./node_modules/drizzle-orm/libsql/session.js:205:12)
    at async LibSQLPreparedQuery.all (webpack-internal:///(rsc)/./node_modules/drizzle-orm/libsql/session.js:148:18)
    at async SettingsPage (webpack-internal:///(rsc)/./app/(dashboard)/settings/page.tsx:43:34)
[   15266ms] Error: Failed query: select count(*), max("last_synced_at") from "member_external_links" where ("member_external_links"."system_id" = ? and "member_external_links"."provider" = ?)
params: yy9vjbzxkr2lx6lf8obse05n,pluralkit
    at LibSQLPreparedQuery.queryWithCache (webpack-internal:///(rsc)/./node_modules/drizzle-orm/sqlite-core/session.js:55:15)
    at process.processTicksAndRejections (node:internal/process/task_queues:105:5)
    at async LibSQLPreparedQuery.values (webpack-internal:///(rsc)/./node_modules/drizzle-orm/libsql/session.js:205:12)
    at async LibSQLPreparedQuery.all (webpack-internal:///(rsc)/./node_modules/drizzle-orm/libsql/session.js:148:18)
    at async SettingsPage (webpack-internal:///(rsc)/./app/(dashboard)/settings/page.tsx:43:34)
[   15267ms] Error: Failed query: select count(*), max("last_synced_at") from "member_external_links" where ("member_external_links"."system_id" = ? and "member_external_links"."provider" = ?)
params: yy9vjbzxkr2lx6lf8obse05n,pluralkit
    at LibSQLPreparedQuery.queryWithCache (webpack-internal:///(rsc)/./node_modules/drizzle-orm/sqlite-core/session.js:55:15)
    at process.processTicksAndRejections (node:internal/process/task_queues:105:5)
    at async LibSQLPreparedQuery.values (webpack-internal:///(rsc)/./node_modules/drizzle-orm/libsql/session.js:205:12)
    at async LibSQLPreparedQuery.all (webpack-internal:///(rsc)/./node_modules/drizzle-orm/libsql/session.js:148:18)
    at async SettingsPage (webpack-internal:///(rsc)/./app/(dashboard)/settings/page.tsx:43:34)
[   15267ms] Error: Failed query: select count(*), max("last_synced_at") from "member_external_links" where ("member_external_links"."system_id" = ? and "member_external_links"."provider" = ?)
params: yy9vjbzxkr2lx6lf8obse05n,pluralkit
    at LibSQLPreparedQuery.queryWithCache (webpack-internal:///(rsc)/./node_modules/drizzle-orm/sqlite-core/session.js:55:15)
    at process.processTicksAndRejections (node:internal/process/task_queues:105:5)
    at async LibSQLPreparedQuery.values (webpack-internal:///(rsc)/./node_modules/drizzle-orm/libsql/session.js:205:12)
    at async LibSQLPreparedQuery.all (webpack-internal:///(rsc)/./node_modules/drizzle-orm/libsql/session.js:148:18)
    at async SettingsPage (webpack-internal:///(rsc)/./app/(dashboard)/settings/page.tsx:43:34)
[   15268ms] [ERROR] The above error occurred in the <NotFoundErrorBoundary> component:

    at InnerLayoutRouter (webpack-internal:///(app-pages-browser)/./node_modules/next/dist/client/components/layout-router.js:243:11)
    at RedirectErrorBoundary (webpack-internal:///(app-pages-browser)/./node_modules/next/dist/client/components/redirect-boundary.js:74:9)
    at RedirectBoundary (webpack-internal:///(app-pages-browser)/./node_modules/next/dist/client/components/redirect-boundary.js:82:11)
    at NotFoundBoundary (webpack-internal:///(app-pages-browser)/./node_modules/next/dist/client/components/not-found-boundary.js:84:11)
    at LoadingBoundary (webpack-internal:///(app-pages-browser)/./node_modules/next/dist/client/components/layout-router.js:349:11)
    at ErrorBoundary (webpack-internal:///(app-pages-browser)/./node_modules/next/dist/client/components/error-boundary.js:160:11)
    at InnerScrollAndFocusHandler (webpack-internal:///(app-pages-browser)/./node_modules/next/dist/client/components/layout-router.js:153:9)
    at ScrollAndFocusHandler (webpack-internal:///(app-pages-browser)/./node_modules/next/dist/client/components/layout-router.js:228:11)
    at RenderFromTemplateContext (webpack-internal:///(app-pages-browser)/./node_modules/next/dist/client/components/render-from-template-context.js:16:44)
    at OuterLayoutRouter (webpack-internal:///(app-pages-browser)/./node_modules/next/dist/client/components/layout-router.js:370:11)
    at InnerLayoutRouter (webpack-internal:///(app-pages-browser)/./node_modules/next/dist/client/components/layout-router.js:243:11)
    at RedirectErrorBoundary (webpack-internal:///(app-pages-browser)/./node_modules/next/dist/client/components/redirect-boundary.js:74:9)
    at RedirectBoundary (webpack-internal:///(app-pages-browser)/./node_modules/next/dist/client/components/redirect-boundary.js:82:11)
    at NotFoundErrorBoundary (webpack-internal:///(app-pages-browser)/./node_modules/next/dist/client/components/not-found-boundary.js:76:9)
    at NotFoundBoundary (webpack-internal:///(app-pages-browser)/./node_modules/next/dist/client/components/not-found-boundary.js:84:11)
    at LoadingBoundary (webpack-internal:///(app-pages-browser)/./node_modules/next/dist/client/components/layout-router.js:349:11)
    at ErrorBoundary (webpack-internal:///(app-pages-browser)/./node_modules/next/dist/client/components/error-boundary.js:160:11)
    at InnerScrollAndFocusHandler (webpack-internal:///(app-pages-browser)/./node_modules/next/dist/client/components/layout-router.js:153:9)
    at ScrollAndFocusHandler (webpack-internal:///(app-pages-browser)/./node_modules/next/dist/client/components/layout-router.js:228:11)
    at RenderFromTemplateContext (webpack-internal:///(app-pages-browser)/./node_modules/next/dist/client/components/render-from-template-context.js:16:44)
    at OuterLayoutRouter (webpack-internal:///(app-pages-browser)/./node_modules/next/dist/client/components/layout-router.js:370:11)
    at div
    at SWRConfig (webpack-internal:///(app-pages-browser)/./node_modules/swr/dist/_internal/config-context-12s-CCVTDPOP.mjs:556:13)
    at DashboardClientProviders (webpack-internal:///(app-pages-browser)/./app/(dashboard)/DashboardClientProviders.tsx:16:11)
    at main
    at div
    at DashboardLayout (Server)
    at InnerLayoutRouter (webpack-internal:///(app-pages-browser)/./node_modules/next/dist/client/components/layout-router.js:243:11)
    at RedirectErrorBoundary (webpack-internal:///(app-pages-browser)/./node_modules/next/dist/client/components/redirect-boundary.js:74:9)
    at RedirectBoundary (webpack-internal:///(app-pages-browser)/./node_modules/next/dist/client/components/redirect-boundary.js:82:11)
    at NotFoundErrorBoundary (webpack-internal:///(app-pages-browser)/./node_modules/next/dist/client/components/not-found-boundary.js:76:9)
    at NotFoundBoundary (webpack-internal:///(app-pages-browser)/./node_modules/next/dist/client/components/not-found-boundary.js:84:11)
    at LoadingBoundary (webpack-internal:///(app-pages-browser)/./node_modules/next/dist/client/components/layout-router.js:349:11)
    at ErrorBoundary (webpack-internal:///(app-pages-browser)/./node_modules/next/dist/client/components/error-boundary.js:160:11)
    at InnerScrollAndFocusHandler (webpack-internal:///(app-pages-browser)/./node_modules/next/dist/client/components/layout-router.js:153:9)
    at ScrollAndFocusHandler (webpack-internal:///(app-pages-browser)/./node_modules/next/dist/client/components/layout-router.js:228:11)
    at RenderFromTemplateContext (webpack-internal:///(app-pages-browser)/./node_modules/next/dist/client/components/render-from-template-context.js:16:44)
    at OuterLayoutRouter (webpack-internal:///(app-pages-browser)/./node_modules/next/dist/client/components/layout-router.js:370:11)
    at LanguageProvider (webpack-internal:///(app-pages-browser)/./components/providers/LanguageProvider.tsx:45:11)
    at body
    at html
    at RootLayout (Server)
    at RedirectErrorBoundary (webpack-internal:///(app-pages-browser)/./node_modules/next/dist/client/components/redirect-boundary.js:74:9)
    at RedirectBoundary (webpack-internal:///(app-pages-browser)/./node_modules/next/dist/client/components/redirect-boundary.js:82:11)
    at NotFoundErrorBoundary (webpack-internal:///(app-pages-browser)/./node_modules/next/dist/client/components/not-found-boundary.js:76:9)
    at NotFoundBoundary (webpack-internal:///(app-pages-browser)/./node_modules/next/dist/client/components/not-found-boundary.js:84:11)
    at DevRootNotFoundBoundary (webpack-internal:///(app-pages-browser)/./node_modules/next/dist/client/components/dev-root-not-found-boundary.js:33:11)
    at ReactDevOverlay (webpack-internal:///(app-pages-browser)/./node_modules/next/dist/client/components/react-dev-overlay/app/ReactDevOverlay.js:87:9)
    at HotReload (webpack-internal:///(app-pages-browser)/./node_modules/next/dist/client/components/react-dev-overlay/app/hot-reloader-client.js:321:11)
    at Router (webpack-internal:///(app-pages-browser)/./node_modules/next/dist/client/components/app-router.js:207:11)
    at ErrorBoundaryHandler (webpack-internal:///(app-pages-browser)/./node_modules/next/dist/client/components/error-boundary.js:113:9)
    at ErrorBoundary (webpack-internal:///(app-pages-browser)/./node_modules/next/dist/client/components/error-boundary.js:160:11)
    at AppRouter (webpack-internal:///(app-pages-browser)/./node_modules/next/dist/client/components/app-router.js:585:13)
    at ServerRoot (webpack-internal:///(app-pages-browser)/./node_modules/next/dist/client/app-index.js:112:27)
    at Root (webpack-internal:///(app-pages-browser)/./node_modules/next/dist/client/app-index.js:117:11)
    at ReactDevOverlay (webpack-internal:///(app-pages-browser)/./node_modules/next/dist/client/components/react-dev-overlay/app/ReactDevOverlay.js:87:9)

React will try to recreate this component tree from scratch using the error boundary you provided, ReactDevOverlay. @ webpack-internal:///(app-pages-browser)/./node_modules/next/dist/client/app-index.js:32
[   16313ms] [LOG] [Fast Refresh] rebuilding @ webpack-internal:///(app-pages-browser)/./node_modules/next/dist/client/components/react-dev-overlay/app/hot-reloader-client.js:186
[   17379ms] [WARNING] [Fast Refresh] performing full reload because your application had an unrecoverable error @ webpack-internal:///(app-pages-browser)/./node_modules/next/dist/client/components/react-dev-overlay/app/hot-reloader-client.js:114
[   18611ms] [ERROR] Failed to load resource: the server responded with a status of 500 (Internal Server Error) @ http://localhost:3000/settings:0
[   19261ms] [INFO] %cDownload the React DevTools for a better development experience: https://reactjs.org/link/react-devtools font-weight:bold @ webpack-internal:///(app-pages-browser)/./node_modules/next/dist/compiled/react-dom/cjs/react-dom.development.js:38559
[   19431ms] Error: Failed query: select count(*), max("last_synced_at") from "member_external_links" where ("member_external_links"."system_id" = ? and "member_external_links"."provider" = ?)
params: yy9vjbzxkr2lx6lf8obse05n,pluralkit
    at LibSQLPreparedQuery.queryWithCache (webpack-internal:///(rsc)/./node_modules/drizzle-orm/sqlite-core/session.js:55:15)
    at process.processTicksAndRejections (node:internal/process/task_queues:105:5)
    at async LibSQLPreparedQuery.values (webpack-internal:///(rsc)/./node_modules/drizzle-orm/libsql/session.js:205:12)
    at async LibSQLPreparedQuery.all (webpack-internal:///(rsc)/./node_modules/drizzle-orm/libsql/session.js:148:18)
    at async SettingsPage (webpack-internal:///(rsc)/./app/(dashboard)/settings/page.tsx:43:34)
[   19442ms] Error: Failed query: select count(*), max("last_synced_at") from "member_external_links" where ("member_external_links"."system_id" = ? and "member_external_links"."provider" = ?)
params: yy9vjbzxkr2lx6lf8obse05n,pluralkit
    at LibSQLPreparedQuery.queryWithCache (webpack-internal:///(rsc)/./node_modules/drizzle-orm/sqlite-core/session.js:55:15)
    at process.processTicksAndRejections (node:internal/process/task_queues:105:5)
    at async LibSQLPreparedQuery.values (webpack-internal:///(rsc)/./node_modules/drizzle-orm/libsql/session.js:205:12)
    at async LibSQLPreparedQuery.all (webpack-internal:///(rsc)/./node_modules/drizzle-orm/libsql/session.js:148:18)
    at async SettingsPage (webpack-internal:///(rsc)/./app/(dashboard)/settings/page.tsx:43:34)
[   19443ms] Error: Failed query: select count(*), max("last_synced_at") from "member_external_links" where ("member_external_links"."system_id" = ? and "member_external_links"."provider" = ?)
params: yy9vjbzxkr2lx6lf8obse05n,pluralkit
    at LibSQLPreparedQuery.queryWithCache (webpack-internal:///(rsc)/./node_modules/drizzle-orm/sqlite-core/session.js:55:15)
    at process.processTicksAndRejections (node:internal/process/task_queues:105:5)
    at async LibSQLPreparedQuery.values (webpack-internal:///(rsc)/./node_modules/drizzle-orm/libsql/session.js:205:12)
    at async LibSQLPreparedQuery.all (webpack-internal:///(rsc)/./node_modules/drizzle-orm/libsql/session.js:148:18)
    at async SettingsPage (webpack-internal:///(rsc)/./app/(dashboard)/settings/page.tsx:43:34)
[   19443ms] Error: Failed query: select count(*), max("last_synced_at") from "member_external_links" where ("member_external_links"."system_id" = ? and "member_external_links"."provider" = ?)
params: yy9vjbzxkr2lx6lf8obse05n,pluralkit
    at LibSQLPreparedQuery.queryWithCache (webpack-internal:///(rsc)/./node_modules/drizzle-orm/sqlite-core/session.js:55:15)
    at process.processTicksAndRejections (node:internal/process/task_queues:105:5)
    at async LibSQLPreparedQuery.values (webpack-internal:///(rsc)/./node_modules/drizzle-orm/libsql/session.js:205:12)
    at async LibSQLPreparedQuery.all (webpack-internal:///(rsc)/./node_modules/drizzle-orm/libsql/session.js:148:18)
    at async SettingsPage (webpack-internal:///(rsc)/./app/(dashboard)/settings/page.tsx:43:34)
[   19443ms] Error: Failed query: select count(*), max("last_synced_at") from "member_external_links" where ("member_external_links"."system_id" = ? and "member_external_links"."provider" = ?)
params: yy9vjbzxkr2lx6lf8obse05n,pluralkit
    at LibSQLPreparedQuery.queryWithCache (webpack-internal:///(rsc)/./node_modules/drizzle-orm/sqlite-core/session.js:55:15)
    at process.processTicksAndRejections (node:internal/process/task_queues:105:5)
    at async LibSQLPreparedQuery.values (webpack-internal:///(rsc)/./node_modules/drizzle-orm/libsql/session.js:205:12)
    at async LibSQLPreparedQuery.all (webpack-internal:///(rsc)/./node_modules/drizzle-orm/libsql/session.js:148:18)
    at async SettingsPage (webpack-internal:///(rsc)/./app/(dashboard)/settings/page.tsx:43:34)
[   19443ms] Error: Failed query: select count(*), max("last_synced_at") from "member_external_links" where ("member_external_links"."system_id" = ? and "member_external_links"."provider" = ?)
params: yy9vjbzxkr2lx6lf8obse05n,pluralkit
    at LibSQLPreparedQuery.queryWithCache (webpack-internal:///(rsc)/./node_modules/drizzle-orm/sqlite-core/session.js:55:15)
    at process.processTicksAndRejections (node:internal/process/task_queues:105:5)
    at async LibSQLPreparedQuery.values (webpack-internal:///(rsc)/./node_modules/drizzle-orm/libsql/session.js:205:12)
    at async LibSQLPreparedQuery.all (webpack-internal:///(rsc)/./node_modules/drizzle-orm/libsql/session.js:148:18)
    at async SettingsPage (webpack-internal:///(rsc)/./app/(dashboard)/settings/page.tsx:43:34)
[   19445ms] Error: Failed query: select count(*), max("last_synced_at") from "member_external_links" where ("member_external_links"."system_id" = ? and "member_external_links"."provider" = ?)
params: yy9vjbzxkr2lx6lf8obse05n,pluralkit
    at LibSQLPreparedQuery.queryWithCache (webpack-internal:///(rsc)/./node_modules/drizzle-orm/sqlite-core/session.js:55:15)
    at process.processTicksAndRejections (node:internal/process/task_queues:105:5)
    at async LibSQLPreparedQuery.values (webpack-internal:///(rsc)/./node_modules/drizzle-orm/libsql/session.js:205:12)
    at async LibSQLPreparedQuery.all (webpack-internal:///(rsc)/./node_modules/drizzle-orm/libsql/session.js:148:18)
    at async SettingsPage (webpack-internal:///(rsc)/./app/(dashboard)/settings/page.tsx:43:34)
[   19445ms] Error: Failed query: select count(*), max("last_synced_at") from "member_external_links" where ("member_external_links"."system_id" = ? and "member_external_links"."provider" = ?)
params: yy9vjbzxkr2lx6lf8obse05n,pluralkit
    at LibSQLPreparedQuery.queryWithCache (webpack-internal:///(rsc)/./node_modules/drizzle-orm/sqlite-core/session.js:55:15)
    at process.processTicksAndRejections (node:internal/process/task_queues:105:5)
    at async LibSQLPreparedQuery.values (webpack-internal:///(rsc)/./node_modules/drizzle-orm/libsql/session.js:205:12)
    at async LibSQLPreparedQuery.all (webpack-internal:///(rsc)/./node_modules/drizzle-orm/libsql/session.js:148:18)
    at async SettingsPage (webpack-internal:///(rsc)/./app/(dashboard)/settings/page.tsx:43:34)
[   19454ms] Error: Failed query: select count(*), max("last_synced_at") from "member_external_links" where ("member_external_links"."system_id" = ? and "member_external_links"."provider" = ?)
params: yy9vjbzxkr2lx6lf8obse05n,pluralkit
    at LibSQLPreparedQuery.queryWithCache (webpack-internal:///(rsc)/./node_modules/drizzle-orm/sqlite-core/session.js:55:15)
    at process.processTicksAndRejections (node:internal/process/task_queues:105:5)
    at async LibSQLPreparedQuery.values (webpack-internal:///(rsc)/./node_modules/drizzle-orm/libsql/session.js:205:12)
    at async LibSQLPreparedQuery.all (webpack-internal:///(rsc)/./node_modules/drizzle-orm/libsql/session.js:148:18)
    at async SettingsPage (webpack-internal:///(rsc)/./app/(dashboard)/settings/page.tsx:43:34)
[   19454ms] Error: Failed query: select count(*), max("last_synced_at") from "member_external_links" where ("member_external_links"."system_id" = ? and "member_external_links"."provider" = ?)
params: yy9vjbzxkr2lx6lf8obse05n,pluralkit
    at LibSQLPreparedQuery.queryWithCache (webpack-internal:///(rsc)/./node_modules/drizzle-orm/sqlite-core/session.js:55:15)
    at process.processTicksAndRejections (node:internal/process/task_queues:105:5)
    at async LibSQLPreparedQuery.values (webpack-internal:///(rsc)/./node_modules/drizzle-orm/libsql/session.js:205:12)
    at async LibSQLPreparedQuery.all (webpack-internal:///(rsc)/./node_modules/drizzle-orm/libsql/session.js:148:18)
    at async SettingsPage (webpack-internal:///(rsc)/./app/(dashboard)/settings/page.tsx:43:34)
[   19454ms] Error: Failed query: select count(*), max("last_synced_at") from "member_external_links" where ("member_external_links"."system_id" = ? and "member_external_links"."provider" = ?)
params: yy9vjbzxkr2lx6lf8obse05n,pluralkit
    at LibSQLPreparedQuery.queryWithCache (webpack-internal:///(rsc)/./node_modules/drizzle-orm/sqlite-core/session.js:55:15)
    at process.processTicksAndRejections (node:internal/process/task_queues:105:5)
    at async LibSQLPreparedQuery.values (webpack-internal:///(rsc)/./node_modules/drizzle-orm/libsql/session.js:205:12)
    at async LibSQLPreparedQuery.all (webpack-internal:///(rsc)/./node_modules/drizzle-orm/libsql/session.js:148:18)
    at async SettingsPage (webpack-internal:///(rsc)/./app/(dashboard)/settings/page.tsx:43:34)
[   19454ms] Error: Failed query: select count(*), max("last_synced_at") from "member_external_links" where ("member_external_links"."system_id" = ? and "member_external_links"."provider" = ?)
params: yy9vjbzxkr2lx6lf8obse05n,pluralkit
    at LibSQLPreparedQuery.queryWithCache (webpack-internal:///(rsc)/./node_modules/drizzle-orm/sqlite-core/session.js:55:15)
    at process.processTicksAndRejections (node:internal/process/task_queues:105:5)
    at async LibSQLPreparedQuery.values (webpack-internal:///(rsc)/./node_modules/drizzle-orm/libsql/session.js:205:12)
    at async LibSQLPreparedQuery.all (webpack-internal:///(rsc)/./node_modules/drizzle-orm/libsql/session.js:148:18)
    at async SettingsPage (webpack-internal:///(rsc)/./app/(dashboard)/settings/page.tsx:43:34)
[   19454ms] Error: Failed query: select count(*), max("last_synced_at") from "member_external_links" where ("member_external_links"."system_id" = ? and "member_external_links"."provider" = ?)
params: yy9vjbzxkr2lx6lf8obse05n,pluralkit
    at LibSQLPreparedQuery.queryWithCache (webpack-internal:///(rsc)/./node_modules/drizzle-orm/sqlite-core/session.js:55:15)
    at process.processTicksAndRejections (node:internal/process/task_queues:105:5)
    at async LibSQLPreparedQuery.values (webpack-internal:///(rsc)/./node_modules/drizzle-orm/libsql/session.js:205:12)
    at async LibSQLPreparedQuery.all (webpack-internal:///(rsc)/./node_modules/drizzle-orm/libsql/session.js:148:18)
    at async SettingsPage (webpack-internal:///(rsc)/./app/(dashboard)/settings/page.tsx:43:34)
[   19455ms] Error: Failed query: select count(*), max("last_synced_at") from "member_external_links" where ("member_external_links"."system_id" = ? and "member_external_links"."provider" = ?)
params: yy9vjbzxkr2lx6lf8obse05n,pluralkit
    at LibSQLPreparedQuery.queryWithCache (webpack-internal:///(rsc)/./node_modules/drizzle-orm/sqlite-core/session.js:55:15)
    at process.processTicksAndRejections (node:internal/process/task_queues:105:5)
    at async LibSQLPreparedQuery.values (webpack-internal:///(rsc)/./node_modules/drizzle-orm/libsql/session.js:205:12)
    at async LibSQLPreparedQuery.all (webpack-internal:///(rsc)/./node_modules/drizzle-orm/libsql/session.js:148:18)
    at async SettingsPage (webpack-internal:///(rsc)/./app/(dashboard)/settings/page.tsx:43:34)
[   19455ms] Error: Failed query: select count(*), max("last_synced_at") from "member_external_links" where ("member_external_links"."system_id" = ? and "member_external_links"."provider" = ?)
params: yy9vjbzxkr2lx6lf8obse05n,pluralkit
    at LibSQLPreparedQuery.queryWithCache (webpack-internal:///(rsc)/./node_modules/drizzle-orm/sqlite-core/session.js:55:15)
    at process.processTicksAndRejections (node:internal/process/task_queues:105:5)
    at async LibSQLPreparedQuery.values (webpack-internal:///(rsc)/./node_modules/drizzle-orm/libsql/session.js:205:12)
    at async LibSQLPreparedQuery.all (webpack-internal:///(rsc)/./node_modules/drizzle-orm/libsql/session.js:148:18)
    at async SettingsPage (webpack-internal:///(rsc)/./app/(dashboard)/settings/page.tsx:43:34)
[   19455ms] Error: Failed query: select count(*), max("last_synced_at") from "member_external_links" where ("member_external_links"."system_id" = ? and "member_external_links"."provider" = ?)
params: yy9vjbzxkr2lx6lf8obse05n,pluralkit
    at LibSQLPreparedQuery.queryWithCache (webpack-internal:///(rsc)/./node_modules/drizzle-orm/sqlite-core/session.js:55:15)
    at process.processTicksAndRejections (node:internal/process/task_queues:105:5)
    at async LibSQLPreparedQuery.values (webpack-internal:///(rsc)/./node_modules/drizzle-orm/libsql/session.js:205:12)
    at async LibSQLPreparedQuery.all (webpack-internal:///(rsc)/./node_modules/drizzle-orm/libsql/session.js:148:18)
    at async SettingsPage (webpack-internal:///(rsc)/./app/(dashboard)/settings/page.tsx:43:34)
[   19457ms] [ERROR] The above error occurred in the <NotFoundErrorBoundary> component:

    at InnerLayoutRouter (webpack-internal:///(app-pages-browser)/./node_modules/next/dist/client/components/layout-router.js:243:11)
    at RedirectErrorBoundary (webpack-internal:///(app-pages-browser)/./node_modules/next/dist/client/components/redirect-boundary.js:74:9)
    at RedirectBoundary (webpack-internal:///(app-pages-browser)/./node_modules/next/dist/client/components/redirect-boundary.js:82:11)
    at NotFoundBoundary (webpack-internal:///(app-pages-browser)/./node_modules/next/dist/client/components/not-found-boundary.js:84:11)
    at LoadingBoundary (webpack-internal:///(app-pages-browser)/./node_modules/next/dist/client/components/layout-router.js:349:11)
    at ErrorBoundary (webpack-internal:///(app-pages-browser)/./node_modules/next/dist/client/components/error-boundary.js:160:11)
    at InnerScrollAndFocusHandler (webpack-internal:///(app-pages-browser)/./node_modules/next/dist/client/components/layout-router.js:153:9)
    at ScrollAndFocusHandler (webpack-internal:///(app-pages-browser)/./node_modules/next/dist/client/components/layout-router.js:228:11)
    at RenderFromTemplateContext (webpack-internal:///(app-pages-browser)/./node_modules/next/dist/client/components/render-from-template-context.js:16:44)
    at OuterLayoutRouter (webpack-internal:///(app-pages-browser)/./node_modules/next/dist/client/components/layout-router.js:370:11)
    at InnerLayoutRouter (webpack-internal:///(app-pages-browser)/./node_modules/next/dist/client/components/layout-router.js:243:11)
    at RedirectErrorBoundary (webpack-internal:///(app-pages-browser)/./node_modules/next/dist/client/components/redirect-boundary.js:74:9)
    at RedirectBoundary (webpack-internal:///(app-pages-browser)/./node_modules/next/dist/client/components/redirect-boundary.js:82:11)
    at NotFoundErrorBoundary (webpack-internal:///(app-pages-browser)/./node_modules/next/dist/client/components/not-found-boundary.js:76:9)
    at NotFoundBoundary (webpack-internal:///(app-pages-browser)/./node_modules/next/dist/client/components/not-found-boundary.js:84:11)
    at LoadingBoundary (webpack-internal:///(app-pages-browser)/./node_modules/next/dist/client/components/layout-router.js:349:11)
    at ErrorBoundary (webpack-internal:///(app-pages-browser)/./node_modules/next/dist/client/components/error-boundary.js:160:11)
    at InnerScrollAndFocusHandler (webpack-internal:///(app-pages-browser)/./node_modules/next/dist/client/components/layout-router.js:153:9)
    at ScrollAndFocusHandler (webpack-internal:///(app-pages-browser)/./node_modules/next/dist/client/components/layout-router.js:228:11)
    at RenderFromTemplateContext (webpack-internal:///(app-pages-browser)/./node_modules/next/dist/client/components/render-from-template-context.js:16:44)
    at OuterLayoutRouter (webpack-internal:///(app-pages-browser)/./node_modules/next/dist/client/components/layout-router.js:370:11)
    at div
    at SWRConfig (webpack-internal:///(app-pages-browser)/./node_modules/swr/dist/_internal/config-context-12s-CCVTDPOP.mjs:556:13)
    at DashboardClientProviders (webpack-internal:///(app-pages-browser)/./app/(dashboard)/DashboardClientProviders.tsx:16:11)
    at main
    at div
    at DashboardLayout (Server)
    at InnerLayoutRouter (webpack-internal:///(app-pages-browser)/./node_modules/next/dist/client/components/layout-router.js:243:11)
    at RedirectErrorBoundary (webpack-internal:///(app-pages-browser)/./node_modules/next/dist/client/components/redirect-boundary.js:74:9)
    at RedirectBoundary (webpack-internal:///(app-pages-browser)/./node_modules/next/dist/client/components/redirect-boundary.js:82:11)
    at NotFoundErrorBoundary (webpack-internal:///(app-pages-browser)/./node_modules/next/dist/client/components/not-found-boundary.js:76:9)
    at NotFoundBoundary (webpack-internal:///(app-pages-browser)/./node_modules/next/dist/client/components/not-found-boundary.js:84:11)
    at LoadingBoundary (webpack-internal:///(app-pages-browser)/./node_modules/next/dist/client/components/layout-router.js:349:11)
    at ErrorBoundary (webpack-internal:///(app-pages-browser)/./node_modules/next/dist/client/components/error-boundary.js:160:11)
    at InnerScrollAndFocusHandler (webpack-internal:///(app-pages-browser)/./node_modules/next/dist/client/components/layout-router.js:153:9)
    at ScrollAndFocusHandler (webpack-internal:///(app-pages-browser)/./node_modules/next/dist/client/components/layout-router.js:228:11)
    at RenderFromTemplateContext (webpack-internal:///(app-pages-browser)/./node_modules/next/dist/client/components/render-from-template-context.js:16:44)
    at OuterLayoutRouter (webpack-internal:///(app-pages-browser)/./node_modules/next/dist/client/components/layout-router.js:370:11)
    at LanguageProvider (webpack-internal:///(app-pages-browser)/./components/providers/LanguageProvider.tsx:45:11)
    at body
    at html
    at RootLayout (Server)
    at RedirectErrorBoundary (webpack-internal:///(app-pages-browser)/./node_modules/next/dist/client/components/redirect-boundary.js:74:9)
    at RedirectBoundary (webpack-internal:///(app-pages-browser)/./node_modules/next/dist/client/components/redirect-boundary.js:82:11)
    at NotFoundErrorBoundary (webpack-internal:///(app-pages-browser)/./node_modules/next/dist/client/components/not-found-boundary.js:76:9)
    at NotFoundBoundary (webpack-internal:///(app-pages-browser)/./node_modules/next/dist/client/components/not-found-boundary.js:84:11)
    at DevRootNotFoundBoundary (webpack-internal:///(app-pages-browser)/./node_modules/next/dist/client/components/dev-root-not-found-boundary.js:33:11)
    at ReactDevOverlay (webpack-internal:///(app-pages-browser)/./node_modules/next/dist/client/components/react-dev-overlay/app/ReactDevOverlay.js:87:9)
    at HotReload (webpack-internal:///(app-pages-browser)/./node_modules/next/dist/client/components/react-dev-overlay/app/hot-reloader-client.js:321:11)
    at Router (webpack-internal:///(app-pages-browser)/./node_modules/next/dist/client/components/app-router.js:207:11)
    at ErrorBoundaryHandler (webpack-internal:///(app-pages-browser)/./node_modules/next/dist/client/components/error-boundary.js:113:9)
    at ErrorBoundary (webpack-internal:///(app-pages-browser)/./node_modules/next/dist/client/components/error-boundary.js:160:11)
    at AppRouter (webpack-internal:///(app-pages-browser)/./node_modules/next/dist/client/components/app-router.js:585:13)
    at ServerRoot (webpack-internal:///(app-pages-browser)/./node_modules/next/dist/client/app-index.js:112:27)
    at Root (webpack-internal:///(app-pages-browser)/./node_modules/next/dist/client/app-index.js:117:11)
    at ReactDevOverlay (webpack-internal:///(app-pages-browser)/./node_modules/next/dist/client/components/react-dev-overlay/app/ReactDevOverlay.js:87:9)

React will try to recreate this component tree from scratch using the error boundary you provided, ReactDevOverlay. @ webpack-internal:///(app-pages-browser)/./node_modules/next/dist/client/app-index.js:32
[   22598ms] [WARNING] The resource http://localhost:3000/_next/static/css/app/layout.css?v=1777693161513 was preloaded using link preload but not used within a few seconds from the window's load event. Please make sure it has an appropriate `as` value and it is preloaded intentionally. @ http://localhost:3000/settings:0
[   22834ms] [LOG] [Fast Refresh] rebuilding @ webpack-internal:///(app-pages-browser)/./node_modules/next/dist/client/components/react-dev-overlay/app/hot-reloader-client.js:186
[   23353ms] [WARNING] [Fast Refresh] performing full reload because your application had an unrecoverable error @ webpack-internal:///(app-pages-browser)/./node_modules/next/dist/client/components/react-dev-overlay/app/hot-reloader-client.js:114
[   25414ms] [ERROR] Failed to load resource: the server responded with a status of 500 (Internal Server Error) @ http://localhost:3000/settings:0
[   25943ms] [INFO] %cDownload the React DevTools for a better development experience: https://reactjs.org/link/react-devtools font-weight:bold @ webpack-internal:///(app-pages-browser)/./node_modules/next/dist/compiled/react-dom/cjs/react-dom.development.js:38559
[   26092ms] Error: Failed query: select count(*), max("last_synced_at") from "member_external_links" where ("member_external_links"."system_id" = ? and "member_external_links"."provider" = ?)
params: yy9vjbzxkr2lx6lf8obse05n,pluralkit
    at LibSQLPreparedQuery.queryWithCache (webpack-internal:///(rsc)/./node_modules/drizzle-orm/sqlite-core/session.js:55:15)
    at process.processTicksAndRejections (node:internal/process/task_queues:105:5)
    at async LibSQLPreparedQuery.values (webpack-internal:///(rsc)/./node_modules/drizzle-orm/libsql/session.js:205:12)
    at async LibSQLPreparedQuery.all (webpack-internal:///(rsc)/./node_modules/drizzle-orm/libsql/session.js:148:18)
    at async SettingsPage (webpack-internal:///(rsc)/./app/(dashboard)/settings/page.tsx:43:34)
[   26098ms] Error: Failed query: select count(*), max("last_synced_at") from "member_external_links" where ("member_external_links"."system_id" = ? and "member_external_links"."provider" = ?)
params: yy9vjbzxkr2lx6lf8obse05n,pluralkit
    at LibSQLPreparedQuery.queryWithCache (webpack-internal:///(rsc)/./node_modules/drizzle-orm/sqlite-core/session.js:55:15)
    at process.processTicksAndRejections (node:internal/process/task_queues:105:5)
    at async LibSQLPreparedQuery.values (webpack-internal:///(rsc)/./node_modules/drizzle-orm/libsql/session.js:205:12)
    at async LibSQLPreparedQuery.all (webpack-internal:///(rsc)/./node_modules/drizzle-orm/libsql/session.js:148:18)
    at async SettingsPage (webpack-internal:///(rsc)/./app/(dashboard)/settings/page.tsx:43:34)
[   26099ms] Error: Failed query: select count(*), max("last_synced_at") from "member_external_links" where ("member_external_links"."system_id" = ? and "member_external_links"."provider" = ?)
params: yy9vjbzxkr2lx6lf8obse05n,pluralkit
    at LibSQLPreparedQuery.queryWithCache (webpack-internal:///(rsc)/./node_modules/drizzle-orm/sqlite-core/session.js:55:15)
    at process.processTicksAndRejections (node:internal/process/task_queues:105:5)
    at async LibSQLPreparedQuery.values (webpack-internal:///(rsc)/./node_modules/drizzle-orm/libsql/session.js:205:12)
    at async LibSQLPreparedQuery.all (webpack-internal:///(rsc)/./node_modules/drizzle-orm/libsql/session.js:148:18)
    at async SettingsPage (webpack-internal:///(rsc)/./app/(dashboard)/settings/page.tsx:43:34)
[   26099ms] Error: Failed query: select count(*), max("last_synced_at") from "member_external_links" where ("member_external_links"."system_id" = ? and "member_external_links"."provider" = ?)
params: yy9vjbzxkr2lx6lf8obse05n,pluralkit
    at LibSQLPreparedQuery.queryWithCache (webpack-internal:///(rsc)/./node_modules/drizzle-orm/sqlite-core/session.js:55:15)
    at process.processTicksAndRejections (node:internal/process/task_queues:105:5)
    at async LibSQLPreparedQuery.values (webpack-internal:///(rsc)/./node_modules/drizzle-orm/libsql/session.js:205:12)
    at async LibSQLPreparedQuery.all (webpack-internal:///(rsc)/./node_modules/drizzle-orm/libsql/session.js:148:18)
    at async SettingsPage (webpack-internal:///(rsc)/./app/(dashboard)/settings/page.tsx:43:34)
[   26100ms] Error: Failed query: select count(*), max("last_synced_at") from "member_external_links" where ("member_external_links"."system_id" = ? and "member_external_links"."provider" = ?)
params: yy9vjbzxkr2lx6lf8obse05n,pluralkit
    at LibSQLPreparedQuery.queryWithCache (webpack-internal:///(rsc)/./node_modules/drizzle-orm/sqlite-core/session.js:55:15)
    at process.processTicksAndRejections (node:internal/process/task_queues:105:5)
    at async LibSQLPreparedQuery.values (webpack-internal:///(rsc)/./node_modules/drizzle-orm/libsql/session.js:205:12)
    at async LibSQLPreparedQuery.all (webpack-internal:///(rsc)/./node_modules/drizzle-orm/libsql/session.js:148:18)
    at async SettingsPage (webpack-internal:///(rsc)/./app/(dashboard)/settings/page.tsx:43:34)
[   26101ms] Error: Failed query: select count(*), max("last_synced_at") from "member_external_links" where ("member_external_links"."system_id" = ? and "member_external_links"."provider" = ?)
params: yy9vjbzxkr2lx6lf8obse05n,pluralkit
    at LibSQLPreparedQuery.queryWithCache (webpack-internal:///(rsc)/./node_modules/drizzle-orm/sqlite-core/session.js:55:15)
    at process.processTicksAndRejections (node:internal/process/task_queues:105:5)
    at async LibSQLPreparedQuery.values (webpack-internal:///(rsc)/./node_modules/drizzle-orm/libsql/session.js:205:12)
    at async LibSQLPreparedQuery.all (webpack-internal:///(rsc)/./node_modules/drizzle-orm/libsql/session.js:148:18)
    at async SettingsPage (webpack-internal:///(rsc)/./app/(dashboard)/settings/page.tsx:43:34)
[   26102ms] Error: Failed query: select count(*), max("last_synced_at") from "member_external_links" where ("member_external_links"."system_id" = ? and "member_external_links"."provider" = ?)
params: yy9vjbzxkr2lx6lf8obse05n,pluralkit
    at LibSQLPreparedQuery.queryWithCache (webpack-internal:///(rsc)/./node_modules/drizzle-orm/sqlite-core/session.js:55:15)
    at process.processTicksAndRejections (node:internal/process/task_queues:105:5)
    at async LibSQLPreparedQuery.values (webpack-internal:///(rsc)/./node_modules/drizzle-orm/libsql/session.js:205:12)
    at async LibSQLPreparedQuery.all (webpack-internal:///(rsc)/./node_modules/drizzle-orm/libsql/session.js:148:18)
    at async SettingsPage (webpack-internal:///(rsc)/./app/(dashboard)/settings/page.tsx:43:34)
[   26103ms] Error: Failed query: select count(*), max("last_synced_at") from "member_external_links" where ("member_external_links"."system_id" = ? and "member_external_links"."provider" = ?)
params: yy9vjbzxkr2lx6lf8obse05n,pluralkit
    at LibSQLPreparedQuery.queryWithCache (webpack-internal:///(rsc)/./node_modules/drizzle-orm/sqlite-core/session.js:55:15)
    at process.processTicksAndRejections (node:internal/process/task_queues:105:5)
    at async LibSQLPreparedQuery.values (webpack-internal:///(rsc)/./node_modules/drizzle-orm/libsql/session.js:205:12)
    at async LibSQLPreparedQuery.all (webpack-internal:///(rsc)/./node_modules/drizzle-orm/libsql/session.js:148:18)
    at async SettingsPage (webpack-internal:///(rsc)/./app/(dashboard)/settings/page.tsx:43:34)
[   26109ms] Error: Failed query: select count(*), max("last_synced_at") from "member_external_links" where ("member_external_links"."system_id" = ? and "member_external_links"."provider" = ?)
params: yy9vjbzxkr2lx6lf8obse05n,pluralkit
    at LibSQLPreparedQuery.queryWithCache (webpack-internal:///(rsc)/./node_modules/drizzle-orm/sqlite-core/session.js:55:15)
    at process.processTicksAndRejections (node:internal/process/task_queues:105:5)
    at async LibSQLPreparedQuery.values (webpack-internal:///(rsc)/./node_modules/drizzle-orm/libsql/session.js:205:12)
    at async LibSQLPreparedQuery.all (webpack-internal:///(rsc)/./node_modules/drizzle-orm/libsql/session.js:148:18)
    at async SettingsPage (webpack-internal:///(rsc)/./app/(dashboard)/settings/page.tsx:43:34)
[   26110ms] Error: Failed query: select count(*), max("last_synced_at") from "member_external_links" where ("member_external_links"."system_id" = ? and "member_external_links"."provider" = ?)
params: yy9vjbzxkr2lx6lf8obse05n,pluralkit
    at LibSQLPreparedQuery.queryWithCache (webpack-internal:///(rsc)/./node_modules/drizzle-orm/sqlite-core/session.js:55:15)
    at process.processTicksAndRejections (node:internal/process/task_queues:105:5)
    at async LibSQLPreparedQuery.values (webpack-internal:///(rsc)/./node_modules/drizzle-orm/libsql/session.js:205:12)
    at async LibSQLPreparedQuery.all (webpack-internal:///(rsc)/./node_modules/drizzle-orm/libsql/session.js:148:18)
    at async SettingsPage (webpack-internal:///(rsc)/./app/(dashboard)/settings/page.tsx:43:34)
[   26112ms] Error: Failed query: select count(*), max("last_synced_at") from "member_external_links" where ("member_external_links"."system_id" = ? and "member_external_links"."provider" = ?)
params: yy9vjbzxkr2lx6lf8obse05n,pluralkit
    at LibSQLPreparedQuery.queryWithCache (webpack-internal:///(rsc)/./node_modules/drizzle-orm/sqlite-core/session.js:55:15)
    at process.processTicksAndRejections (node:internal/process/task_queues:105:5)
    at async LibSQLPreparedQuery.values (webpack-internal:///(rsc)/./node_modules/drizzle-orm/libsql/session.js:205:12)
    at async LibSQLPreparedQuery.all (webpack-internal:///(rsc)/./node_modules/drizzle-orm/libsql/session.js:148:18)
    at async SettingsPage (webpack-internal:///(rsc)/./app/(dashboard)/settings/page.tsx:43:34)
[   26113ms] Error: Failed query: select count(*), max("last_synced_at") from "member_external_links" where ("member_external_links"."system_id" = ? and "member_external_links"."provider" = ?)
params: yy9vjbzxkr2lx6lf8obse05n,pluralkit
    at LibSQLPreparedQuery.queryWithCache (webpack-internal:///(rsc)/./node_modules/drizzle-orm/sqlite-core/session.js:55:15)
    at process.processTicksAndRejections (node:internal/process/task_queues:105:5)
    at async LibSQLPreparedQuery.values (webpack-internal:///(rsc)/./node_modules/drizzle-orm/libsql/session.js:205:12)
    at async LibSQLPreparedQuery.all (webpack-internal:///(rsc)/./node_modules/drizzle-orm/libsql/session.js:148:18)
    at async SettingsPage (webpack-internal:///(rsc)/./app/(dashboard)/settings/page.tsx:43:34)
[   26114ms] Error: Failed query: select count(*), max("last_synced_at") from "member_external_links" where ("member_external_links"."system_id" = ? and "member_external_links"."provider" = ?)
params: yy9vjbzxkr2lx6lf8obse05n,pluralkit
    at LibSQLPreparedQuery.queryWithCache (webpack-internal:///(rsc)/./node_modules/drizzle-orm/sqlite-core/session.js:55:15)
    at process.processTicksAndRejections (node:internal/process/task_queues:105:5)
    at async LibSQLPreparedQuery.values (webpack-internal:///(rsc)/./node_modules/drizzle-orm/libsql/session.js:205:12)
    at async LibSQLPreparedQuery.all (webpack-internal:///(rsc)/./node_modules/drizzle-orm/libsql/session.js:148:18)
    at async SettingsPage (webpack-internal:///(rsc)/./app/(dashboard)/settings/page.tsx:43:34)
[   26115ms] Error: Failed query: select count(*), max("last_synced_at") from "member_external_links" where ("member_external_links"."system_id" = ? and "member_external_links"."provider" = ?)
params: yy9vjbzxkr2lx6lf8obse05n,pluralkit
    at LibSQLPreparedQuery.queryWithCache (webpack-internal:///(rsc)/./node_modules/drizzle-orm/sqlite-core/session.js:55:15)
    at process.processTicksAndRejections (node:internal/process/task_queues:105:5)
    at async LibSQLPreparedQuery.values (webpack-internal:///(rsc)/./node_modules/drizzle-orm/libsql/session.js:205:12)
    at async LibSQLPreparedQuery.all (webpack-internal:///(rsc)/./node_modules/drizzle-orm/libsql/session.js:148:18)
    at async SettingsPage (webpack-internal:///(rsc)/./app/(dashboard)/settings/page.tsx:43:34)
[   26115ms] Error: Failed query: select count(*), max("last_synced_at") from "member_external_links" where ("member_external_links"."system_id" = ? and "member_external_links"."provider" = ?)
params: yy9vjbzxkr2lx6lf8obse05n,pluralkit
    at LibSQLPreparedQuery.queryWithCache (webpack-internal:///(rsc)/./node_modules/drizzle-orm/sqlite-core/session.js:55:15)
    at process.processTicksAndRejections (node:internal/process/task_queues:105:5)
    at async LibSQLPreparedQuery.values (webpack-internal:///(rsc)/./node_modules/drizzle-orm/libsql/session.js:205:12)
    at async LibSQLPreparedQuery.all (webpack-internal:///(rsc)/./node_modules/drizzle-orm/libsql/session.js:148:18)
    at async SettingsPage (webpack-internal:///(rsc)/./app/(dashboard)/settings/page.tsx:43:34)
[   26115ms] Error: Failed query: select count(*), max("last_synced_at") from "member_external_links" where ("member_external_links"."system_id" = ? and "member_external_links"."provider" = ?)
params: yy9vjbzxkr2lx6lf8obse05n,pluralkit
    at LibSQLPreparedQuery.queryWithCache (webpack-internal:///(rsc)/./node_modules/drizzle-orm/sqlite-core/session.js:55:15)
    at process.processTicksAndRejections (node:internal/process/task_queues:105:5)
    at async LibSQLPreparedQuery.values (webpack-internal:///(rsc)/./node_modules/drizzle-orm/libsql/session.js:205:12)
    at async LibSQLPreparedQuery.all (webpack-internal:///(rsc)/./node_modules/drizzle-orm/libsql/session.js:148:18)
    at async SettingsPage (webpack-internal:///(rsc)/./app/(dashboard)/settings/page.tsx:43:34)
[   26118ms] [ERROR] The above error occurred in the <NotFoundErrorBoundary> component:

    at InnerLayoutRouter (webpack-internal:///(app-pages-browser)/./node_modules/next/dist/client/components/layout-router.js:243:11)
    at RedirectErrorBoundary (webpack-internal:///(app-pages-browser)/./node_modules/next/dist/client/components/redirect-boundary.js:74:9)
    at RedirectBoundary (webpack-internal:///(app-pages-browser)/./node_modules/next/dist/client/components/redirect-boundary.js:82:11)
    at NotFoundBoundary (webpack-internal:///(app-pages-browser)/./node_modules/next/dist/client/components/not-found-boundary.js:84:11)
    at LoadingBoundary (webpack-internal:///(app-pages-browser)/./node_modules/next/dist/client/components/layout-router.js:349:11)
    at ErrorBoundary (webpack-internal:///(app-pages-browser)/./node_modules/next/dist/client/components/error-boundary.js:160:11)
    at InnerScrollAndFocusHandler (webpack-internal:///(app-pages-browser)/./node_modules/next/dist/client/components/layout-router.js:153:9)
    at ScrollAndFocusHandler (webpack-internal:///(app-pages-browser)/./node_modules/next/dist/client/components/layout-router.js:228:11)
    at RenderFromTemplateContext (webpack-internal:///(app-pages-browser)/./node_modules/next/dist/client/components/render-from-template-context.js:16:44)
    at OuterLayoutRouter (webpack-internal:///(app-pages-browser)/./node_modules/next/dist/client/components/layout-router.js:370:11)
    at InnerLayoutRouter (webpack-internal:///(app-pages-browser)/./node_modules/next/dist/client/components/layout-router.js:243:11)
    at RedirectErrorBoundary (webpack-internal:///(app-pages-browser)/./node_modules/next/dist/client/components/redirect-boundary.js:74:9)
    at RedirectBoundary (webpack-internal:///(app-pages-browser)/./node_modules/next/dist/client/components/redirect-boundary.js:82:11)
    at NotFoundErrorBoundary (webpack-internal:///(app-pages-browser)/./node_modules/next/dist/client/components/not-found-boundary.js:76:9)
    at NotFoundBoundary (webpack-internal:///(app-pages-browser)/./node_modules/next/dist/client/components/not-found-boundary.js:84:11)
    at LoadingBoundary (webpack-internal:///(app-pages-browser)/./node_modules/next/dist/client/components/layout-router.js:349:11)
    at ErrorBoundary (webpack-internal:///(app-pages-browser)/./node_modules/next/dist/client/components/error-boundary.js:160:11)
    at InnerScrollAndFocusHandler (webpack-internal:///(app-pages-browser)/./node_modules/next/dist/client/components/layout-router.js:153:9)
    at ScrollAndFocusHandler (webpack-internal:///(app-pages-browser)/./node_modules/next/dist/client/components/layout-router.js:228:11)
    at RenderFromTemplateContext (webpack-internal:///(app-pages-browser)/./node_modules/next/dist/client/components/render-from-template-context.js:16:44)
    at OuterLayoutRouter (webpack-internal:///(app-pages-browser)/./node_modules/next/dist/client/components/layout-router.js:370:11)
    at div
    at SWRConfig (webpack-internal:///(app-pages-browser)/./node_modules/swr/dist/_internal/config-context-12s-CCVTDPOP.mjs:556:13)
    at DashboardClientProviders (webpack-internal:///(app-pages-browser)/./app/(dashboard)/DashboardClientProviders.tsx:16:11)
    at main
    at div
    at DashboardLayout (Server)
    at InnerLayoutRouter (webpack-internal:///(app-pages-browser)/./node_modules/next/dist/client/components/layout-router.js:243:11)
    at RedirectErrorBoundary (webpack-internal:///(app-pages-browser)/./node_modules/next/dist/client/components/redirect-boundary.js:74:9)
    at RedirectBoundary (webpack-internal:///(app-pages-browser)/./node_modules/next/dist/client/components/redirect-boundary.js:82:11)
    at NotFoundErrorBoundary (webpack-internal:///(app-pages-browser)/./node_modules/next/dist/client/components/not-found-boundary.js:76:9)
    at NotFoundBoundary (webpack-internal:///(app-pages-browser)/./node_modules/next/dist/client/components/not-found-boundary.js:84:11)
    at LoadingBoundary (webpack-internal:///(app-pages-browser)/./node_modules/next/dist/client/components/layout-router.js:349:11)
    at ErrorBoundary (webpack-internal:///(app-pages-browser)/./node_modules/next/dist/client/components/error-boundary.js:160:11)
    at InnerScrollAndFocusHandler (webpack-internal:///(app-pages-browser)/./node_modules/next/dist/client/components/layout-router.js:153:9)
    at ScrollAndFocusHandler (webpack-internal:///(app-pages-browser)/./node_modules/next/dist/client/components/layout-router.js:228:11)
    at RenderFromTemplateContext (webpack-internal:///(app-pages-browser)/./node_modules/next/dist/client/components/render-from-template-context.js:16:44)
    at OuterLayoutRouter (webpack-internal:///(app-pages-browser)/./node_modules/next/dist/client/components/layout-router.js:370:11)
    at LanguageProvider (webpack-internal:///(app-pages-browser)/./components/providers/LanguageProvider.tsx:45:11)
    at body
    at html
    at RootLayout (Server)
    at RedirectErrorBoundary (webpack-internal:///(app-pages-browser)/./node_modules/next/dist/client/components/redirect-boundary.js:74:9)
    at RedirectBoundary (webpack-internal:///(app-pages-browser)/./node_modules/next/dist/client/components/redirect-boundary.js:82:11)
    at NotFoundErrorBoundary (webpack-internal:///(app-pages-browser)/./node_modules/next/dist/client/components/not-found-boundary.js:76:9)
    at NotFoundBoundary (webpack-internal:///(app-pages-browser)/./node_modules/next/dist/client/components/not-found-boundary.js:84:11)
    at DevRootNotFoundBoundary (webpack-internal:///(app-pages-browser)/./node_modules/next/dist/client/components/dev-root-not-found-boundary.js:33:11)
    at ReactDevOverlay (webpack-internal:///(app-pages-browser)/./node_modules/next/dist/client/components/react-dev-overlay/app/ReactDevOverlay.js:87:9)
    at HotReload (webpack-internal:///(app-pages-browser)/./node_modules/next/dist/client/components/react-dev-overlay/app/hot-reloader-client.js:321:11)
    at Router (webpack-internal:///(app-pages-browser)/./node_modules/next/dist/client/components/app-router.js:207:11)
    at ErrorBoundaryHandler (webpack-internal:///(app-pages-browser)/./node_modules/next/dist/client/components/error-boundary.js:113:9)
    at ErrorBoundary (webpack-internal:///(app-pages-browser)/./node_modules/next/dist/client/components/error-boundary.js:160:11)
    at AppRouter (webpack-internal:///(app-pages-browser)/./node_modules/next/dist/client/components/app-router.js:585:13)
    at ServerRoot (webpack-internal:///(app-pages-browser)/./node_modules/next/dist/client/app-index.js:112:27)
    at Root (webpack-internal:///(app-pages-browser)/./node_modules/next/dist/client/app-index.js:117:11)
    at ReactDevOverlay (webpack-internal:///(app-pages-browser)/./node_modules/next/dist/client/components/react-dev-overlay/app/ReactDevOverlay.js:87:9)

React will try to recreate this component tree from scratch using the error boundary you provided, ReactDevOverlay. @ webpack-internal:///(app-pages-browser)/./node_modules/next/dist/client/app-index.js:32
[   29318ms] [WARNING] The resource http://localhost:3000/_next/static/css/app/layout.css?v=1777693167621 was preloaded using link preload but not used within a few seconds from the window's load event. Please make sure it has an appropriate `as` value and it is preloaded intentionally. @ http://localhost:3000/settings:0
[   81963ms] [LOG] [Fast Refresh] rebuilding @ webpack-internal:///(app-pages-browser)/./node_modules/next/dist/client/components/react-dev-overlay/app/hot-reloader-client.js:186
[   82472ms] [WARNING] [Fast Refresh] performing full reload because your application had an unrecoverable error @ webpack-internal:///(app-pages-browser)/./node_modules/next/dist/client/components/react-dev-overlay/app/hot-reloader-client.js:114
[   85665ms] [VERBOSE] [DOM] Password field is not contained in a form: (More info: https://goo.gl/9p2vKq) %o @ http://localhost:3000/settings:0
[   86410ms] [INFO] %cDownload the React DevTools for a better development experience: https://reactjs.org/link/react-devtools font-weight:bold @ webpack-internal:///(app-pages-browser)/./node_modules/next/dist/compiled/react-dom/cjs/react-dom.development.js:38559
[  104275ms] [LOG] [Fast Refresh] rebuilding @ webpack-internal:///(app-pages-browser)/./node_modules/next/dist/client/components/react-dev-overlay/app/hot-reloader-client.js:186
[  105089ms] [LOG] [Fast Refresh] done in 814ms @ webpack-internal:///(app-pages-browser)/./node_modules/next/dist/client/components/react-dev-overlay/app/hot-reloader-client.js:43
[  105201ms] [VERBOSE] [DOM] Password field is not contained in a form: (More info: https://goo.gl/9p2vKq) %o @ http://localhost:3000/settings:0
